Started by user [8mha:////4FHCZrbY86kmrO38llJbrl1wMls+PgNYdWOxp5kWtJotAAAAlx+LCAAAAAAAAP9b85aBtbiIQTGjNKU4P08vOT+vOD8nVc83PyU1x6OyILUoJzMv2y+/JJUBAhiZGBgqihhk0NSjKDWzXb3RdlLBUSYGJk8GtpzUvPSSDB8G5tKinBIGIZ+sxLJE/ZzEvHT94JKizLx0a6BxUmjGOUNodHsLgAzWEgZu/dLi1CL9xJTczDwAj6GcLcAAAAA=[0madmin
Running as SYSTEM
Building in workspace /var/lib/jenkins/workspace/FunctionalTest
No credentials specified
 > git rev-parse --is-inside-work-tree # timeout=10
Fetching changes from the remote Git repository
 > git config remote.origin.url https://github.com/clecioantao/tasks-functional-test # timeout=10
Fetching upstream changes from https://github.com/clecioantao/tasks-functional-test
 > git --version # timeout=10
 > git fetch --tags --progress -- https://github.com/clecioantao/tasks-functional-test +refs/heads/*:refs/remotes/origin/* # timeout=10
 > git rev-parse refs/remotes/origin/master^{commit} # timeout=10
 > git rev-parse refs/remotes/origin/origin/master^{commit} # timeout=10
Checking out Revision 6f1ac30fa317bc4311aaee705000ccb94f5c249f (refs/remotes/origin/master)
 > git config core.sparsecheckout # timeout=10
 > git checkout -f 6f1ac30fa317bc4311aaee705000ccb94f5c249f # timeout=10
Commit message: "CorreÃ§Ã£o Sucsses"
 > git rev-list --no-walk 39f56b0da54a3b7d61a395b78d51670957ffaedd # timeout=10
[FunctionalTest] $ /opt/maven/bin/mvn clean test
[INFO] Scanning for projects...
[INFO] 
[INFO] ----------------< br.ce.wcaquino.tasks:functional-test >----------------
[INFO] Building functional-test 0.0.1-SNAPSHOT
[INFO] --------------------------------[ jar ]---------------------------------
Downloading from central: https://repo.maven.apache.org/maven2/org/apache/maven/plugins/maven-failsafe-plugin/2.18.1/maven-failsafe-plugin-2.18.1.pom
Progress (1): 2.2/9.0 kBProgress (1): 5.0/9.0 kBProgress (1): 7.8/9.0 kBProgress (1): 9.0 kB                        Downloaded from central: https://repo.maven.apache.org/maven2/org/apache/maven/plugins/maven-failsafe-plugin/2.18.1/maven-failsafe-plugin-2.18.1.pom (9.0 kB at 4.0 kB/s)
Downloading from central: https://repo.maven.apache.org/maven2/org/apache/maven/surefire/surefire/2.18.1/surefire-2.18.1.pom
Progress (1): 2.2/17 kBProgress (1): 5.0/17 kBProgress (1): 7.8/17 kBProgress (1): 11/17 kB Progress (1): 13/17 kBProgress (1): 16/17 kBProgress (1): 17 kB                      Downloaded from central: https://repo.maven.apache.org/maven2/org/apache/maven/surefire/surefire/2.18.1/surefire-2.18.1.pom (17 kB at 54 kB/s)
Downloading from central: https://repo.maven.apache.org/maven2/org/apache/maven/plugins/maven-failsafe-plugin/2.18.1/maven-failsafe-plugin-2.18.1.jar
Progress (1): 2.2/82 kBProgress (1): 5.0/82 kBProgress (1): 7.7/82 kBProgress (1): 10/82 kB Progress (1): 13/82 kBProgress (1): 16/82 kBProgress (1): 19/82 kBProgress (1): 21/82 kBProgress (1): 24/82 kBProgress (1): 27/82 kBProgress (1): 30/82 kBProgress (1): 32/82 kBProgress (1): 36/82 kBProgress (1): 40/82 kBProgress (1): 45/82 kBProgress (1): 49/82 kBProgress (1): 53/82 kBProgress (1): 57/82 kBProgress (1): 61/82 kBProgress (1): 65/82 kBProgress (1): 69/82 kBProgress (1): 73/82 kBProgress (1): 77/82 kBProgress (1): 81/82 kBProgress (1): 82 kB                      Downloaded from central: https://repo.maven.apache.org/maven2/org/apache/maven/plugins/maven-failsafe-plugin/2.18.1/maven-failsafe-plugin-2.18.1.jar (82 kB at 172 kB/s)
[INFO] 
[8mha:////4Nu3Qhjj8w0D/DEqDj3eV3/jLcNUHMEHF9tF4+puXb7OAAAAYB+LCAAAAAAAAP9b85aBtbiIQSmjNKU4P0+vJLE4u1gvPjexLDVPzxdEGvvmZ+X75ZekLlOVfvTjc8FPJgaGiiIGKaiG5Py84vycVD1nCA1SyAABjCCFBQCV27OjYAAAAA==[0m[INFO] --- maven-clean-plugin:2.5:clean (default-clean) @ functional-test ---
[INFO] Deleting /var/lib/jenkins/workspace/FunctionalTest/target
[INFO] 
[8mha:////4Nu3Qhjj8w0D/DEqDj3eV3/jLcNUHMEHF9tF4+puXb7OAAAAYB+LCAAAAAAAAP9b85aBtbiIQSmjNKU4P0+vJLE4u1gvPjexLDVPzxdEGvvmZ+X75ZekLlOVfvTjc8FPJgaGiiIGKaiG5Py84vycVD1nCA1SyAABjCCFBQCV27OjYAAAAA==[0m[INFO] --- maven-resources-plugin:2.6:resources (default-resources) @ functional-test ---
[8mha:////4CdN9j88zdglflVugYoHiqZVDaleC86/Q8hL2SHpx28CAAAAYx+LCAAAAAAAAP9b85aBtbiIQSWjNKU4P0+vJLE4u1gvPjexLDVPzxdEhicW5WXmpfvll6S2fNly5fzGzauYGBgqihikoFqS8/OK83NS9ZwhNEghAwQwghQWAACwxA+XYgAAAA==[0m[WARNING] Using platform encoding (UTF-8 actually) to copy filtered resources, i.e. build is platform dependent!
[INFO] skip non existing resourceDirectory /var/lib/jenkins/workspace/FunctionalTest/src/main/resources
[INFO] 
[8mha:////4Nu3Qhjj8w0D/DEqDj3eV3/jLcNUHMEHF9tF4+puXb7OAAAAYB+LCAAAAAAAAP9b85aBtbiIQSmjNKU4P0+vJLE4u1gvPjexLDVPzxdEGvvmZ+X75ZekLlOVfvTjc8FPJgaGiiIGKaiG5Py84vycVD1nCA1SyAABjCCFBQCV27OjYAAAAA==[0m[INFO] --- maven-compiler-plugin:3.1:compile (default-compile) @ functional-test ---
[INFO] No sources to compile
[INFO] 
[8mha:////4Nu3Qhjj8w0D/DEqDj3eV3/jLcNUHMEHF9tF4+puXb7OAAAAYB+LCAAAAAAAAP9b85aBtbiIQSmjNKU4P0+vJLE4u1gvPjexLDVPzxdEGvvmZ+X75ZekLlOVfvTjc8FPJgaGiiIGKaiG5Py84vycVD1nCA1SyAABjCCFBQCV27OjYAAAAA==[0m[INFO] --- maven-resources-plugin:2.6:testResources (default-testResources) @ functional-test ---
[8mha:////4CdN9j88zdglflVugYoHiqZVDaleC86/Q8hL2SHpx28CAAAAYx+LCAAAAAAAAP9b85aBtbiIQSWjNKU4P0+vJLE4u1gvPjexLDVPzxdEhicW5WXmpfvll6S2fNly5fzGzauYGBgqihikoFqS8/OK83NS9ZwhNEghAwQwghQWAACwxA+XYgAAAA==[0m[WARNING] Using platform encoding (UTF-8 actually) to copy filtered resources, i.e. build is platform dependent!
[INFO] skip non existing resourceDirectory /var/lib/jenkins/workspace/FunctionalTest/src/test/resources
[INFO] 
[8mha:////4Nu3Qhjj8w0D/DEqDj3eV3/jLcNUHMEHF9tF4+puXb7OAAAAYB+LCAAAAAAAAP9b85aBtbiIQSmjNKU4P0+vJLE4u1gvPjexLDVPzxdEGvvmZ+X75ZekLlOVfvTjc8FPJgaGiiIGKaiG5Py84vycVD1nCA1SyAABjCCFBQCV27OjYAAAAA==[0m[INFO] --- maven-compiler-plugin:3.1:testCompile (default-testCompile) @ functional-test ---
[INFO] Changes detected - recompiling the module!
[8mha:////4CdN9j88zdglflVugYoHiqZVDaleC86/Q8hL2SHpx28CAAAAYx+LCAAAAAAAAP9b85aBtbiIQSWjNKU4P0+vJLE4u1gvPjexLDVPzxdEhicW5WXmpfvll6S2fNly5fzGzauYGBgqihikoFqS8/OK83NS9ZwhNEghAwQwghQWAACwxA+XYgAAAA==[0m[WARNING] File encoding has not been set, using platform encoding UTF-8, i.e. build is platform dependent!
[INFO] Compiling 2 source files to /var/lib/jenkins/workspace/FunctionalTest/target/test-classes
[8mha:////4CdN9j88zdglflVugYoHiqZVDaleC86/Q8hL2SHpx28CAAAAYx+LCAAAAAAAAP9b85aBtbiIQSWjNKU4P0+vJLE4u1gvPjexLDVPzxdEhicW5WXmpfvll6S2fNly5fzGzauYGBgqihikoFqS8/OK83NS9ZwhNEghAwQwghQWAACwxA+XYgAAAA==[0m[WARNING] /var/lib/jenkins/workspace/FunctionalTest/src/test/java/br/ce/wcaquino/tasks/functional/TasksTest.java:[33,42] unmappable character for encoding UTF8
[8mha:////4CdN9j88zdglflVugYoHiqZVDaleC86/Q8hL2SHpx28CAAAAYx+LCAAAAAAAAP9b85aBtbiIQSWjNKU4P0+vJLE4u1gvPjexLDVPzxdEhicW5WXmpfvll6S2fNly5fzGzauYGBgqihikoFqS8/OK83NS9ZwhNEghAwQwghQWAACwxA+XYgAAAA==[0m[WARNING] /var/lib/jenkins/workspace/FunctionalTest/src/test/java/br/ce/wcaquino/tasks/functional/TasksTest.java:[33,43] unmappable character for encoding UTF8
[8mha:////4CdN9j88zdglflVugYoHiqZVDaleC86/Q8hL2SHpx28CAAAAYx+LCAAAAAAAAP9b85aBtbiIQSWjNKU4P0+vJLE4u1gvPjexLDVPzxdEhicW5WXmpfvll6S2fNly5fzGzauYGBgqihikoFqS8/OK83NS9ZwhNEghAwQwghQWAACwxA+XYgAAAA==[0m[WARNING] /var/lib/jenkins/workspace/FunctionalTest/src/test/java/br/ce/wcaquino/tasks/functional/TasksTest.java:[82,42] unmappable character for encoding UTF8
[8mha:////4CdN9j88zdglflVugYoHiqZVDaleC86/Q8hL2SHpx28CAAAAYx+LCAAAAAAAAP9b85aBtbiIQSWjNKU4P0+vJLE4u1gvPjexLDVPzxdEhicW5WXmpfvll6S2fNly5fzGzauYGBgqihikoFqS8/OK83NS9ZwhNEghAwQwghQWAACwxA+XYgAAAA==[0m[WARNING] /var/lib/jenkins/workspace/FunctionalTest/src/test/java/br/ce/wcaquino/tasks/functional/TasksTest.java:[82,43] unmappable character for encoding UTF8
[8mha:////4CdN9j88zdglflVugYoHiqZVDaleC86/Q8hL2SHpx28CAAAAYx+LCAAAAAAAAP9b85aBtbiIQSWjNKU4P0+vJLE4u1gvPjexLDVPzxdEhicW5WXmpfvll6S2fNly5fzGzauYGBgqihikoFqS8/OK83NS9ZwhNEghAwQwghQWAACwxA+XYgAAAA==[0m[WARNING] /var/lib/jenkins/workspace/FunctionalTest/src/test/java/br/ce/wcaquino/tasks/functional/TasksTest.java:[105,42] unmappable character for encoding UTF8
[8mha:////4CdN9j88zdglflVugYoHiqZVDaleC86/Q8hL2SHpx28CAAAAYx+LCAAAAAAAAP9b85aBtbiIQSWjNKU4P0+vJLE4u1gvPjexLDVPzxdEhicW5WXmpfvll6S2fNly5fzGzauYGBgqihikoFqS8/OK83NS9ZwhNEghAwQwghQWAACwxA+XYgAAAA==[0m[WARNING] /var/lib/jenkins/workspace/FunctionalTest/src/test/java/br/ce/wcaquino/tasks/functional/TasksTest.java:[105,43] unmappable character for encoding UTF8
[INFO] 
[8mha:////4Nu3Qhjj8w0D/DEqDj3eV3/jLcNUHMEHF9tF4+puXb7OAAAAYB+LCAAAAAAAAP9b85aBtbiIQSmjNKU4P0+vJLE4u1gvPjexLDVPzxdEGvvmZ+X75ZekLlOVfvTjc8FPJgaGiiIGKaiG5Py84vycVD1nCA1SyAABjCCFBQCV27OjYAAAAA==[0m[INFO] --- maven-surefire-plugin:2.20:test (default-test) @ functional-test ---
[INFO] 
[INFO] -------------------------------------------------------
[INFO]  T E S T S
[INFO] -------------------------------------------------------
[INFO] Running br.ce.wcaquino.tasks.functional.TasksTest
mai 01, 2020 6:33:48 AM org.openqa.selenium.remote.DesiredCapabilities chrome
INFORMAÃ‡Ã•ES: Using `new ChromeOptions()` is preferred to `DesiredCapabilities.chrome()`
mai 01, 2020 6:33:53 AM org.openqa.selenium.remote.ProtocolHandshake createSession
INFORMAÃ‡Ã•ES: Detected dialect: W3C
mai 01, 2020 6:33:48 AM org.openqa.selenium.remote.DesiredCapabilities chrome
INFORMAÃ‡Ã•ES: Using `new ChromeOptions()` is preferred to `DesiredCapabilities.chrome()`
mai 01, 2020 6:33:50 AM org.openqa.selenium.remote.ProtocolHandshake createSession
INFORMAÃ‡Ã•ES: Detected dialect: W3C
mai 01, 2020 6:33:48 AM org.openqa.selenium.remote.DesiredCapabilities chrome
INFORMAÃ‡Ã•ES: Using `new ChromeOptions()` is preferred to `DesiredCapabilities.chrome()`
mai 01, 2020 6:33:51 AM org.openqa.selenium.remote.ProtocolHandshake createSession
INFORMAÃ‡Ã•ES: Detected dialect: W3C
mai 01, 2020 6:33:48 AM org.openqa.selenium.remote.DesiredCapabilities chrome
INFORMAÃ‡Ã•ES: Using `new ChromeOptions()` is preferred to `DesiredCapabilities.chrome()`
mai 01, 2020 6:33:50 AM org.openqa.selenium.remote.ProtocolHandshake createSession
INFORMAÃ‡Ã•ES: Detected dialect: W3C
mai 01, 2020 6:33:48 AM org.openqa.selenium.remote.DesiredCapabilities chrome
INFORMAÃ‡Ã•ES: Using `new ChromeOptions()` is preferred to `DesiredCapabilities.chrome()`
mai 01, 2020 6:33:51 AM org.openqa.selenium.remote.ProtocolHandshake createSession
INFORMAÃ‡Ã•ES: Detected dialect: W3C
[8mha:////4EpiqhBBvWOAoL6RGyBonOPuOVBlW3Uf5nyR5ZPU0dl6AAAAYB+LCAAAAAAAAP9b85aBtbiIQSmjNKU4P0+vJLE4u1gvPjexLDVPzxdEuhYV5Rf55ZekOlc7RKnPKH7IxMBQUcQgBdWQnJ9XnJ+TqucMoUEKGSCAEaSwAACsNFCqYAAAAA==[0m[ERROR] Tests run: 5, Failures: 0, Errors: 1, Skipped: 0, Time elapsed: 14.092 s <<< FAILURE! - in br.ce.wcaquino.tasks.functional.TasksTest
[8mha:////4EpiqhBBvWOAoL6RGyBonOPuOVBlW3Uf5nyR5ZPU0dl6AAAAYB+LCAAAAAAAAP9b85aBtbiIQSmjNKU4P0+vJLE4u1gvPjexLDVPzxdEuhYV5Rf55ZekOlc7RKnPKH7IxMBQUcQgBdWQnJ9XnJ+TqucMoUEKGSCAEaSwAACsNFCqYAAAAA==[0m[ERROR] deveRemoverTarefaComSucesso(br.ce.wcaquino.tasks.functional.TasksTest)  Time elapsed: 14.083 s  <<< ERROR!
org.openqa.selenium.NoSuchElementException: 
no such element: Unable to locate element: {"method":"css selector","selector":"#message"}
  (Session info: chrome=79.0.3945.117)
For documentation on this error, please visit: https://www.seleniumhq.org/exceptions/no_such_element.html
Build info: version: '3.141.59', revision: 'e82be7d358', time: '2018-11-14T08:17:03'
System info: host: 'localhost.localdomain', ip: '127.0.0.1', os.name: 'Linux', os.arch: 'amd64', os.version: '4.18.0-147.8.1.el8_1.x86_64', java.version: '1.8.0_252'
Driver info: org.openqa.selenium.remote.RemoteWebDriver
Capabilities {acceptInsecureCerts: false, browserName: chrome, browserVersion: 79.0.3945.117, chrome: {chromedriverVersion: 79.0.3945.36 (3582db32b3389..., userDataDir: /tmp/.com.google.Chrome.vc6Avo}, goog:chromeOptions: {debuggerAddress: localhost:36613}, javascriptEnabled: true, networkConnectionEnabled: false, pageLoadStrategy: normal, platform: LINUX, platformName: LINUX, proxy: Proxy(), setWindowRect: true, strictFileInteractability: false, timeouts: {implicit: 0, pageLoad: 300000, script: 30000}, unhandledPromptBehavior: dismiss and notify, webdriver.remote.sessionid: b31bd33a6ab8515f6110899c46b...}
Session ID: b31bd33a6ab8515f6110899c46b34810
*** Element info: {Using=id, value=message}
	at br.ce.wcaquino.tasks.functional.TasksTest.deveRemoverTarefaComSucesso(TasksTest.java:137)

[INFO] 
[INFO] Results:
[INFO] 
[8mha:////4EpiqhBBvWOAoL6RGyBonOPuOVBlW3Uf5nyR5ZPU0dl6AAAAYB+LCAAAAAAAAP9b85aBtbiIQSmjNKU4P0+vJLE4u1gvPjexLDVPzxdEuhYV5Rf55ZekOlc7RKnPKH7IxMBQUcQgBdWQnJ9XnJ+TqucMoUEKGSCAEaSwAACsNFCqYAAAAA==[0m[ERROR] Errors: 
[8mha:////4EpiqhBBvWOAoL6RGyBonOPuOVBlW3Uf5nyR5ZPU0dl6AAAAYB+LCAAAAAAAAP9b85aBtbiIQSmjNKU4P0+vJLE4u1gvPjexLDVPzxdEuhYV5Rf55ZekOlc7RKnPKH7IxMBQUcQgBdWQnJ9XnJ+TqucMoUEKGSCAEaSwAACsNFCqYAAAAA==[0m[ERROR]   TasksTest.deveRemoverTarefaComSucesso:137 Â» NoSuchElement no such element: Una...
[INFO] 
[8mha:////4EpiqhBBvWOAoL6RGyBonOPuOVBlW3Uf5nyR5ZPU0dl6AAAAYB+LCAAAAAAAAP9b85aBtbiIQSmjNKU4P0+vJLE4u1gvPjexLDVPzxdEuhYV5Rf55ZekOlc7RKnPKH7IxMBQUcQgBdWQnJ9XnJ+TqucMoUEKGSCAEaSwAACsNFCqYAAAAA==[0m[ERROR] Tests run: 5, Failures: 0, Errors: 1, Skipped: 0
[INFO] 
[INFO] ------------------------------------------------------------------------
[INFO] BUILD FAILURE
[INFO] ------------------------------------------------------------------------
[INFO] Total time:  19.723 s
[INFO] Finished at: 2020-05-01T06:34:03-03:00
[INFO] ------------------------------------------------------------------------
[8mha:////4EpiqhBBvWOAoL6RGyBonOPuOVBlW3Uf5nyR5ZPU0dl6AAAAYB+LCAAAAAAAAP9b85aBtbiIQSmjNKU4P0+vJLE4u1gvPjexLDVPzxdEuhYV5Rf55ZekOlc7RKnPKH7IxMBQUcQgBdWQnJ9XnJ+TqucMoUEKGSCAEaSwAACsNFCqYAAAAA==[0m[ERROR] Failed to execute goal org.apache.maven.plugins:maven-surefire-plugin:2.20:test (default-test) on project functional-test: There are test failures.
[8mha:////4EpiqhBBvWOAoL6RGyBonOPuOVBlW3Uf5nyR5ZPU0dl6AAAAYB+LCAAAAAAAAP9b85aBtbiIQSmjNKU4P0+vJLE4u1gvPjexLDVPzxdEuhYV5Rf55ZekOlc7RKnPKH7IxMBQUcQgBdWQnJ9XnJ+TqucMoUEKGSCAEaSwAACsNFCqYAAAAA==[0m[ERROR] 
[8mha:////4EpiqhBBvWOAoL6RGyBonOPuOVBlW3Uf5nyR5ZPU0dl6AAAAYB+LCAAAAAAAAP9b85aBtbiIQSmjNKU4P0+vJLE4u1gvPjexLDVPzxdEuhYV5Rf55ZekOlc7RKnPKH7IxMBQUcQgBdWQnJ9XnJ+TqucMoUEKGSCAEaSwAACsNFCqYAAAAA==[0m[ERROR] Please refer to /var/lib/jenkins/workspace/FunctionalTest/target/surefire-reports for the individual test results.
[8mha:////4EpiqhBBvWOAoL6RGyBonOPuOVBlW3Uf5nyR5ZPU0dl6AAAAYB+LCAAAAAAAAP9b85aBtbiIQSmjNKU4P0+vJLE4u1gvPjexLDVPzxdEuhYV5Rf55ZekOlc7RKnPKH7IxMBQUcQgBdWQnJ9XnJ+TqucMoUEKGSCAEaSwAACsNFCqYAAAAA==[0m[ERROR] Please refer to dump files (if any exist) [date]-jvmRun[N].dump, [date].dumpstream and [date]-jvmRun[N].dumpstream.
[8mha:////4EpiqhBBvWOAoL6RGyBonOPuOVBlW3Uf5nyR5ZPU0dl6AAAAYB+LCAAAAAAAAP9b85aBtbiIQSmjNKU4P0+vJLE4u1gvPjexLDVPzxdEuhYV5Rf55ZekOlc7RKnPKH7IxMBQUcQgBdWQnJ9XnJ+TqucMoUEKGSCAEaSwAACsNFCqYAAAAA==[0m[ERROR] -> [Help 1]
[8mha:////4EpiqhBBvWOAoL6RGyBonOPuOVBlW3Uf5nyR5ZPU0dl6AAAAYB+LCAAAAAAAAP9b85aBtbiIQSmjNKU4P0+vJLE4u1gvPjexLDVPzxdEuhYV5Rf55ZekOlc7RKnPKH7IxMBQUcQgBdWQnJ9XnJ+TqucMoUEKGSCAEaSwAACsNFCqYAAAAA==[0m[ERROR] 
[8mha:////4EpiqhBBvWOAoL6RGyBonOPuOVBlW3Uf5nyR5ZPU0dl6AAAAYB+LCAAAAAAAAP9b85aBtbiIQSmjNKU4P0+vJLE4u1gvPjexLDVPzxdEuhYV5Rf55ZekOlc7RKnPKH7IxMBQUcQgBdWQnJ9XnJ+TqucMoUEKGSCAEaSwAACsNFCqYAAAAA==[0m[ERROR] To see the full stack trace of the errors, re-run Maven with the -e switch.
[8mha:////4EpiqhBBvWOAoL6RGyBonOPuOVBlW3Uf5nyR5ZPU0dl6AAAAYB+LCAAAAAAAAP9b85aBtbiIQSmjNKU4P0+vJLE4u1gvPjexLDVPzxdEuhYV5Rf55ZekOlc7RKnPKH7IxMBQUcQgBdWQnJ9XnJ+TqucMoUEKGSCAEaSwAACsNFCqYAAAAA==[0m[ERROR] Re-run Maven using the -X switch to enable full debug logging.
[8mha:////4EpiqhBBvWOAoL6RGyBonOPuOVBlW3Uf5nyR5ZPU0dl6AAAAYB+LCAAAAAAAAP9b85aBtbiIQSmjNKU4P0+vJLE4u1gvPjexLDVPzxdEuhYV5Rf55ZekOlc7RKnPKH7IxMBQUcQgBdWQnJ9XnJ+TqucMoUEKGSCAEaSwAACsNFCqYAAAAA==[0m[ERROR] 
[8mha:////4EpiqhBBvWOAoL6RGyBonOPuOVBlW3Uf5nyR5ZPU0dl6AAAAYB+LCAAAAAAAAP9b85aBtbiIQSmjNKU4P0+vJLE4u1gvPjexLDVPzxdEuhYV5Rf55ZekOlc7RKnPKH7IxMBQUcQgBdWQnJ9XnJ+TqucMoUEKGSCAEaSwAACsNFCqYAAAAA==[0m[ERROR] For more information about the errors and possible solutions, please read the following articles:
[8mha:////4EpiqhBBvWOAoL6RGyBonOPuOVBlW3Uf5nyR5ZPU0dl6AAAAYB+LCAAAAAAAAP9b85aBtbiIQSmjNKU4P0+vJLE4u1gvPjexLDVPzxdEuhYV5Rf55ZekOlc7RKnPKH7IxMBQUcQgBdWQnJ9XnJ+TqucMoUEKGSCAEaSwAACsNFCqYAAAAA==[0m[ERROR] [Help 1] http://cwiki.apache.org/confluence/display/MAVEN/MojoFailureException
Build step 'Invoke top-level Maven targets' marked build as failure
Finished: FAILURE
