Started by user [8mha:////4FHCZrbY86kmrO38llJbrl1wMls+PgNYdWOxp5kWtJotAAAAlx+LCAAAAAAAAP9b85aBtbiIQTGjNKU4P08vOT+vOD8nVc83PyU1x6OyILUoJzMv2y+/JJUBAhiZGBgqihhk0NSjKDWzXb3RdlLBUSYGJk8GtpzUvPSSDB8G5tKinBIGIZ+sxLJE/ZzEvHT94JKizLx0a6BxUmjGOUNodHsLgAzWEgZu/dLi1CL9xJTczDwAj6GcLcAAAAA=[0madmin
Running as SYSTEM
Building in workspace /var/lib/jenkins/workspace/FunctionalTest
No credentials specified
 > git rev-parse --is-inside-work-tree # timeout=10
Fetching changes from the remote Git repository
 > git config remote.origin.url https://github.com/clecioantao/tasks-functional-test # timeout=10
Fetching upstream changes from https://github.com/clecioantao/tasks-functional-test
 > git --version # timeout=10
 > git fetch --tags --progress -- https://github.com/clecioantao/tasks-functional-test +refs/heads/*:refs/remotes/origin/* # timeout=10
 > git rev-parse refs/remotes/origin/master^{commit} # timeout=10
 > git rev-parse refs/remotes/origin/origin/master^{commit} # timeout=10
Checking out Revision 39f56b0da54a3b7d61a395b78d51670957ffaedd (refs/remotes/origin/master)
 > git config core.sparsecheckout # timeout=10
 > git checkout -f 39f56b0da54a3b7d61a395b78d51670957ffaedd # timeout=10
Commit message: "grid com docker"
 > git rev-list --no-walk 39f56b0da54a3b7d61a395b78d51670957ffaedd # timeout=10
[FunctionalTest] $ /opt/maven/bin/mvn clean test
[INFO] Scanning for projects...
[INFO] 
[INFO] ----------------< br.ce.wcaquino.tasks:functional-test >----------------
[INFO] Building functional-test 0.0.1-SNAPSHOT
[INFO] --------------------------------[ jar ]---------------------------------
[INFO] 
[8mha:////4Nu3Qhjj8w0D/DEqDj3eV3/jLcNUHMEHF9tF4+puXb7OAAAAYB+LCAAAAAAAAP9b85aBtbiIQSmjNKU4P0+vJLE4u1gvPjexLDVPzxdEGvvmZ+X75ZekLlOVfvTjc8FPJgaGiiIGKaiG5Py84vycVD1nCA1SyAABjCCFBQCV27OjYAAAAA==[0m[INFO] --- maven-clean-plugin:2.5:clean (default-clean) @ functional-test ---
[INFO] Deleting /var/lib/jenkins/workspace/FunctionalTest/target
[INFO] 
[8mha:////4Nu3Qhjj8w0D/DEqDj3eV3/jLcNUHMEHF9tF4+puXb7OAAAAYB+LCAAAAAAAAP9b85aBtbiIQSmjNKU4P0+vJLE4u1gvPjexLDVPzxdEGvvmZ+X75ZekLlOVfvTjc8FPJgaGiiIGKaiG5Py84vycVD1nCA1SyAABjCCFBQCV27OjYAAAAA==[0m[INFO] --- maven-resources-plugin:2.6:resources (default-resources) @ functional-test ---
[8mha:////4CdN9j88zdglflVugYoHiqZVDaleC86/Q8hL2SHpx28CAAAAYx+LCAAAAAAAAP9b85aBtbiIQSWjNKU4P0+vJLE4u1gvPjexLDVPzxdEhicW5WXmpfvll6S2fNly5fzGzauYGBgqihikoFqS8/OK83NS9ZwhNEghAwQwghQWAACwxA+XYgAAAA==[0m[WARNING] Using platform encoding (UTF-8 actually) to copy filtered resources, i.e. build is platform dependent!
[INFO] skip non existing resourceDirectory /var/lib/jenkins/workspace/FunctionalTest/src/main/resources
[INFO] 
[8mha:////4Nu3Qhjj8w0D/DEqDj3eV3/jLcNUHMEHF9tF4+puXb7OAAAAYB+LCAAAAAAAAP9b85aBtbiIQSmjNKU4P0+vJLE4u1gvPjexLDVPzxdEGvvmZ+X75ZekLlOVfvTjc8FPJgaGiiIGKaiG5Py84vycVD1nCA1SyAABjCCFBQCV27OjYAAAAA==[0m[INFO] --- maven-compiler-plugin:3.1:compile (default-compile) @ functional-test ---
[INFO] No sources to compile
[INFO] 
[8mha:////4Nu3Qhjj8w0D/DEqDj3eV3/jLcNUHMEHF9tF4+puXb7OAAAAYB+LCAAAAAAAAP9b85aBtbiIQSmjNKU4P0+vJLE4u1gvPjexLDVPzxdEGvvmZ+X75ZekLlOVfvTjc8FPJgaGiiIGKaiG5Py84vycVD1nCA1SyAABjCCFBQCV27OjYAAAAA==[0m[INFO] --- maven-resources-plugin:2.6:testResources (default-testResources) @ functional-test ---
[8mha:////4CdN9j88zdglflVugYoHiqZVDaleC86/Q8hL2SHpx28CAAAAYx+LCAAAAAAAAP9b85aBtbiIQSWjNKU4P0+vJLE4u1gvPjexLDVPzxdEhicW5WXmpfvll6S2fNly5fzGzauYGBgqihikoFqS8/OK83NS9ZwhNEghAwQwghQWAACwxA+XYgAAAA==[0m[WARNING] Using platform encoding (UTF-8 actually) to copy filtered resources, i.e. build is platform dependent!
[INFO] skip non existing resourceDirectory /var/lib/jenkins/workspace/FunctionalTest/src/test/resources
[INFO] 
[8mha:////4Nu3Qhjj8w0D/DEqDj3eV3/jLcNUHMEHF9tF4+puXb7OAAAAYB+LCAAAAAAAAP9b85aBtbiIQSmjNKU4P0+vJLE4u1gvPjexLDVPzxdEGvvmZ+X75ZekLlOVfvTjc8FPJgaGiiIGKaiG5Py84vycVD1nCA1SyAABjCCFBQCV27OjYAAAAA==[0m[INFO] --- maven-compiler-plugin:3.1:testCompile (default-testCompile) @ functional-test ---
[INFO] Changes detected - recompiling the module!
[8mha:////4CdN9j88zdglflVugYoHiqZVDaleC86/Q8hL2SHpx28CAAAAYx+LCAAAAAAAAP9b85aBtbiIQSWjNKU4P0+vJLE4u1gvPjexLDVPzxdEhicW5WXmpfvll6S2fNly5fzGzauYGBgqihikoFqS8/OK83NS9ZwhNEghAwQwghQWAACwxA+XYgAAAA==[0m[WARNING] File encoding has not been set, using platform encoding UTF-8, i.e. build is platform dependent!
[INFO] Compiling 2 source files to /var/lib/jenkins/workspace/FunctionalTest/target/test-classes
[8mha:////4CdN9j88zdglflVugYoHiqZVDaleC86/Q8hL2SHpx28CAAAAYx+LCAAAAAAAAP9b85aBtbiIQSWjNKU4P0+vJLE4u1gvPjexLDVPzxdEhicW5WXmpfvll6S2fNly5fzGzauYGBgqihikoFqS8/OK83NS9ZwhNEghAwQwghQWAACwxA+XYgAAAA==[0m[WARNING] /var/lib/jenkins/workspace/FunctionalTest/src/test/java/br/ce/wcaquino/tasks/functional/TasksTest.java:[33,42] unmappable character for encoding UTF8
[8mha:////4CdN9j88zdglflVugYoHiqZVDaleC86/Q8hL2SHpx28CAAAAYx+LCAAAAAAAAP9b85aBtbiIQSWjNKU4P0+vJLE4u1gvPjexLDVPzxdEhicW5WXmpfvll6S2fNly5fzGzauYGBgqihikoFqS8/OK83NS9ZwhNEghAwQwghQWAACwxA+XYgAAAA==[0m[WARNING] /var/lib/jenkins/workspace/FunctionalTest/src/test/java/br/ce/wcaquino/tasks/functional/TasksTest.java:[33,43] unmappable character for encoding UTF8
[8mha:////4CdN9j88zdglflVugYoHiqZVDaleC86/Q8hL2SHpx28CAAAAYx+LCAAAAAAAAP9b85aBtbiIQSWjNKU4P0+vJLE4u1gvPjexLDVPzxdEhicW5WXmpfvll6S2fNly5fzGzauYGBgqihikoFqS8/OK83NS9ZwhNEghAwQwghQWAACwxA+XYgAAAA==[0m[WARNING] /var/lib/jenkins/workspace/FunctionalTest/src/test/java/br/ce/wcaquino/tasks/functional/TasksTest.java:[82,42] unmappable character for encoding UTF8
[8mha:////4CdN9j88zdglflVugYoHiqZVDaleC86/Q8hL2SHpx28CAAAAYx+LCAAAAAAAAP9b85aBtbiIQSWjNKU4P0+vJLE4u1gvPjexLDVPzxdEhicW5WXmpfvll6S2fNly5fzGzauYGBgqihikoFqS8/OK83NS9ZwhNEghAwQwghQWAACwxA+XYgAAAA==[0m[WARNING] /var/lib/jenkins/workspace/FunctionalTest/src/test/java/br/ce/wcaquino/tasks/functional/TasksTest.java:[82,43] unmappable character for encoding UTF8
[8mha:////4CdN9j88zdglflVugYoHiqZVDaleC86/Q8hL2SHpx28CAAAAYx+LCAAAAAAAAP9b85aBtbiIQSWjNKU4P0+vJLE4u1gvPjexLDVPzxdEhicW5WXmpfvll6S2fNly5fzGzauYGBgqihikoFqS8/OK83NS9ZwhNEghAwQwghQWAACwxA+XYgAAAA==[0m[WARNING] /var/lib/jenkins/workspace/FunctionalTest/src/test/java/br/ce/wcaquino/tasks/functional/TasksTest.java:[105,42] unmappable character for encoding UTF8
[8mha:////4CdN9j88zdglflVugYoHiqZVDaleC86/Q8hL2SHpx28CAAAAYx+LCAAAAAAAAP9b85aBtbiIQSWjNKU4P0+vJLE4u1gvPjexLDVPzxdEhicW5WXmpfvll6S2fNly5fzGzauYGBgqihikoFqS8/OK83NS9ZwhNEghAwQwghQWAACwxA+XYgAAAA==[0m[WARNING] /var/lib/jenkins/workspace/FunctionalTest/src/test/java/br/ce/wcaquino/tasks/functional/TasksTest.java:[105,43] unmappable character for encoding UTF8
[INFO] 
[8mha:////4Nu3Qhjj8w0D/DEqDj3eV3/jLcNUHMEHF9tF4+puXb7OAAAAYB+LCAAAAAAAAP9b85aBtbiIQSmjNKU4P0+vJLE4u1gvPjexLDVPzxdEGvvmZ+X75ZekLlOVfvTjc8FPJgaGiiIGKaiG5Py84vycVD1nCA1SyAABjCCFBQCV27OjYAAAAA==[0m[INFO] --- maven-surefire-plugin:2.20:test (default-test) @ functional-test ---
[INFO] 
[INFO] -------------------------------------------------------
[INFO]  T E S T S
[INFO] -------------------------------------------------------
[INFO] Running br.ce.wcaquino.tasks.functional.TasksTest
abr 30, 2020 9:55:37 PM org.openqa.selenium.remote.DesiredCapabilities chrome
INFORMAÃ‡Ã•ES: Using `new ChromeOptions()` is preferred to `DesiredCapabilities.chrome()`
abr 30, 2020 9:55:40 PM org.openqa.selenium.remote.ProtocolHandshake createSession
INFORMAÃ‡Ã•ES: Detected dialect: W3C
abr 30, 2020 9:55:37 PM org.openqa.selenium.remote.DesiredCapabilities chrome
INFORMAÃ‡Ã•ES: Using `new ChromeOptions()` is preferred to `DesiredCapabilities.chrome()`
abr 30, 2020 9:55:42 PM org.openqa.selenium.remote.ProtocolHandshake createSession
INFORMAÃ‡Ã•ES: Detected dialect: W3C
abr 30, 2020 9:55:37 PM org.openqa.selenium.remote.DesiredCapabilities chrome
INFORMAÃ‡Ã•ES: Using `new ChromeOptions()` is preferred to `DesiredCapabilities.chrome()`
abr 30, 2020 9:55:38 PM org.openqa.selenium.remote.ProtocolHandshake createSession
INFORMAÃ‡Ã•ES: Detected dialect: W3C
abr 30, 2020 9:55:37 PM org.openqa.selenium.remote.DesiredCapabilities chrome
INFORMAÃ‡Ã•ES: Using `new ChromeOptions()` is preferred to `DesiredCapabilities.chrome()`
abr 30, 2020 9:55:41 PM org.openqa.selenium.remote.ProtocolHandshake createSession
INFORMAÃ‡Ã•ES: Detected dialect: W3C
abr 30, 2020 9:55:37 PM org.openqa.selenium.remote.DesiredCapabilities chrome
INFORMAÃ‡Ã•ES: Using `new ChromeOptions()` is preferred to `DesiredCapabilities.chrome()`
abr 30, 2020 9:55:38 PM org.openqa.selenium.remote.ProtocolHandshake createSession
INFORMAÃ‡Ã•ES: Detected dialect: W3C
[8mha:////4EpiqhBBvWOAoL6RGyBonOPuOVBlW3Uf5nyR5ZPU0dl6AAAAYB+LCAAAAAAAAP9b85aBtbiIQSmjNKU4P0+vJLE4u1gvPjexLDVPzxdEuhYV5Rf55ZekOlc7RKnPKH7IxMBQUcQgBdWQnJ9XnJ+TqucMoUEKGSCAEaSwAACsNFCqYAAAAA==[0m[ERROR] Tests run: 5, Failures: 2, Errors: 0, Skipped: 0, Time elapsed: 5.47 s <<< FAILURE! - in br.ce.wcaquino.tasks.functional.TasksTest
[8mha:////4EpiqhBBvWOAoL6RGyBonOPuOVBlW3Uf5nyR5ZPU0dl6AAAAYB+LCAAAAAAAAP9b85aBtbiIQSmjNKU4P0+vJLE4u1gvPjexLDVPzxdEuhYV5Rf55ZekOlc7RKnPKH7IxMBQUcQgBdWQnJ9XnJ+TqucMoUEKGSCAEaSwAACsNFCqYAAAAA==[0m[ERROR] deveRemoverTarefaComSucesso(br.ce.wcaquino.tasks.functional.TasksTest)  Time elapsed: 2.784 s  <<< FAILURE!
org.junit.ComparisonFailure: expected:<Suc[c]ess!> but was:<Suc[]ess!>
	at br.ce.wcaquino.tasks.functional.TasksTest.deveRemoverTarefaComSucesso(TasksTest.java:133)

[8mha:////4EpiqhBBvWOAoL6RGyBonOPuOVBlW3Uf5nyR5ZPU0dl6AAAAYB+LCAAAAAAAAP9b85aBtbiIQSmjNKU4P0+vJLE4u1gvPjexLDVPzxdEuhYV5Rf55ZekOlc7RKnPKH7IxMBQUcQgBdWQnJ9XnJ+TqucMoUEKGSCAEaSwAACsNFCqYAAAAA==[0m[ERROR] deveSalvarTarefaComSucesso(br.ce.wcaquino.tasks.functional.TasksTest)  Time elapsed: 4.449 s  <<< FAILURE!
org.junit.ComparisonFailure: expected:<Suc[c]ess!> but was:<Suc[]ess!>
	at br.ce.wcaquino.tasks.functional.TasksTest.deveSalvarTarefaComSucesso(TasksTest.java:44)

[INFO] 
[INFO] Results:
[INFO] 
[8mha:////4EpiqhBBvWOAoL6RGyBonOPuOVBlW3Uf5nyR5ZPU0dl6AAAAYB+LCAAAAAAAAP9b85aBtbiIQSmjNKU4P0+vJLE4u1gvPjexLDVPzxdEuhYV5Rf55ZekOlc7RKnPKH7IxMBQUcQgBdWQnJ9XnJ+TqucMoUEKGSCAEaSwAACsNFCqYAAAAA==[0m[ERROR] Failures: 
[8mha:////4EpiqhBBvWOAoL6RGyBonOPuOVBlW3Uf5nyR5ZPU0dl6AAAAYB+LCAAAAAAAAP9b85aBtbiIQSmjNKU4P0+vJLE4u1gvPjexLDVPzxdEuhYV5Rf55ZekOlc7RKnPKH7IxMBQUcQgBdWQnJ9XnJ+TqucMoUEKGSCAEaSwAACsNFCqYAAAAA==[0m[ERROR]   TasksTest.deveRemoverTarefaComSucesso:133 expected:<Suc[c]ess!> but was:<Suc[]ess!>
[8mha:////4EpiqhBBvWOAoL6RGyBonOPuOVBlW3Uf5nyR5ZPU0dl6AAAAYB+LCAAAAAAAAP9b85aBtbiIQSmjNKU4P0+vJLE4u1gvPjexLDVPzxdEuhYV5Rf55ZekOlc7RKnPKH7IxMBQUcQgBdWQnJ9XnJ+TqucMoUEKGSCAEaSwAACsNFCqYAAAAA==[0m[ERROR]   TasksTest.deveSalvarTarefaComSucesso:44 expected:<Suc[c]ess!> but was:<Suc[]ess!>
[INFO] 
[8mha:////4EpiqhBBvWOAoL6RGyBonOPuOVBlW3Uf5nyR5ZPU0dl6AAAAYB+LCAAAAAAAAP9b85aBtbiIQSmjNKU4P0+vJLE4u1gvPjexLDVPzxdEuhYV5Rf55ZekOlc7RKnPKH7IxMBQUcQgBdWQnJ9XnJ+TqucMoUEKGSCAEaSwAACsNFCqYAAAAA==[0m[ERROR] Tests run: 5, Failures: 2, Errors: 0, Skipped: 0
[INFO] 
[INFO] ------------------------------------------------------------------------
[INFO] BUILD FAILURE
[INFO] ------------------------------------------------------------------------
[INFO] Total time:  7.973 s
[INFO] Finished at: 2020-04-30T21:55:43-03:00
[INFO] ------------------------------------------------------------------------
[8mha:////4EpiqhBBvWOAoL6RGyBonOPuOVBlW3Uf5nyR5ZPU0dl6AAAAYB+LCAAAAAAAAP9b85aBtbiIQSmjNKU4P0+vJLE4u1gvPjexLDVPzxdEuhYV5Rf55ZekOlc7RKnPKH7IxMBQUcQgBdWQnJ9XnJ+TqucMoUEKGSCAEaSwAACsNFCqYAAAAA==[0m[ERROR] Failed to execute goal org.apache.maven.plugins:maven-surefire-plugin:2.20:test (default-test) on project functional-test: There are test failures.
[8mha:////4EpiqhBBvWOAoL6RGyBonOPuOVBlW3Uf5nyR5ZPU0dl6AAAAYB+LCAAAAAAAAP9b85aBtbiIQSmjNKU4P0+vJLE4u1gvPjexLDVPzxdEuhYV5Rf55ZekOlc7RKnPKH7IxMBQUcQgBdWQnJ9XnJ+TqucMoUEKGSCAEaSwAACsNFCqYAAAAA==[0m[ERROR] 
[8mha:////4EpiqhBBvWOAoL6RGyBonOPuOVBlW3Uf5nyR5ZPU0dl6AAAAYB+LCAAAAAAAAP9b85aBtbiIQSmjNKU4P0+vJLE4u1gvPjexLDVPzxdEuhYV5Rf55ZekOlc7RKnPKH7IxMBQUcQgBdWQnJ9XnJ+TqucMoUEKGSCAEaSwAACsNFCqYAAAAA==[0m[ERROR] Please refer to /var/lib/jenkins/workspace/FunctionalTest/target/surefire-reports for the individual test results.
[8mha:////4EpiqhBBvWOAoL6RGyBonOPuOVBlW3Uf5nyR5ZPU0dl6AAAAYB+LCAAAAAAAAP9b85aBtbiIQSmjNKU4P0+vJLE4u1gvPjexLDVPzxdEuhYV5Rf55ZekOlc7RKnPKH7IxMBQUcQgBdWQnJ9XnJ+TqucMoUEKGSCAEaSwAACsNFCqYAAAAA==[0m[ERROR] Please refer to dump files (if any exist) [date]-jvmRun[N].dump, [date].dumpstream and [date]-jvmRun[N].dumpstream.
[8mha:////4EpiqhBBvWOAoL6RGyBonOPuOVBlW3Uf5nyR5ZPU0dl6AAAAYB+LCAAAAAAAAP9b85aBtbiIQSmjNKU4P0+vJLE4u1gvPjexLDVPzxdEuhYV5Rf55ZekOlc7RKnPKH7IxMBQUcQgBdWQnJ9XnJ+TqucMoUEKGSCAEaSwAACsNFCqYAAAAA==[0m[ERROR] -> [Help 1]
[8mha:////4EpiqhBBvWOAoL6RGyBonOPuOVBlW3Uf5nyR5ZPU0dl6AAAAYB+LCAAAAAAAAP9b85aBtbiIQSmjNKU4P0+vJLE4u1gvPjexLDVPzxdEuhYV5Rf55ZekOlc7RKnPKH7IxMBQUcQgBdWQnJ9XnJ+TqucMoUEKGSCAEaSwAACsNFCqYAAAAA==[0m[ERROR] 
[8mha:////4EpiqhBBvWOAoL6RGyBonOPuOVBlW3Uf5nyR5ZPU0dl6AAAAYB+LCAAAAAAAAP9b85aBtbiIQSmjNKU4P0+vJLE4u1gvPjexLDVPzxdEuhYV5Rf55ZekOlc7RKnPKH7IxMBQUcQgBdWQnJ9XnJ+TqucMoUEKGSCAEaSwAACsNFCqYAAAAA==[0m[ERROR] To see the full stack trace of the errors, re-run Maven with the -e switch.
[8mha:////4EpiqhBBvWOAoL6RGyBonOPuOVBlW3Uf5nyR5ZPU0dl6AAAAYB+LCAAAAAAAAP9b85aBtbiIQSmjNKU4P0+vJLE4u1gvPjexLDVPzxdEuhYV5Rf55ZekOlc7RKnPKH7IxMBQUcQgBdWQnJ9XnJ+TqucMoUEKGSCAEaSwAACsNFCqYAAAAA==[0m[ERROR] Re-run Maven using the -X switch to enable full debug logging.
[8mha:////4EpiqhBBvWOAoL6RGyBonOPuOVBlW3Uf5nyR5ZPU0dl6AAAAYB+LCAAAAAAAAP9b85aBtbiIQSmjNKU4P0+vJLE4u1gvPjexLDVPzxdEuhYV5Rf55ZekOlc7RKnPKH7IxMBQUcQgBdWQnJ9XnJ+TqucMoUEKGSCAEaSwAACsNFCqYAAAAA==[0m[ERROR] 
[8mha:////4EpiqhBBvWOAoL6RGyBonOPuOVBlW3Uf5nyR5ZPU0dl6AAAAYB+LCAAAAAAAAP9b85aBtbiIQSmjNKU4P0+vJLE4u1gvPjexLDVPzxdEuhYV5Rf55ZekOlc7RKnPKH7IxMBQUcQgBdWQnJ9XnJ+TqucMoUEKGSCAEaSwAACsNFCqYAAAAA==[0m[ERROR] For more information about the errors and possible solutions, please read the following articles:
[8mha:////4EpiqhBBvWOAoL6RGyBonOPuOVBlW3Uf5nyR5ZPU0dl6AAAAYB+LCAAAAAAAAP9b85aBtbiIQSmjNKU4P0+vJLE4u1gvPjexLDVPzxdEuhYV5Rf55ZekOlc7RKnPKH7IxMBQUcQgBdWQnJ9XnJ+TqucMoUEKGSCAEaSwAACsNFCqYAAAAA==[0m[ERROR] [Help 1] http://cwiki.apache.org/confluence/display/MAVEN/MojoFailureException
Build step 'Invoke top-level Maven targets' marked build as failure
Finished: FAILURE
